<?xml version="1.0" encoding="UTF-8"?>
<!-- Generated by org.testng.reporters.JUnitReportReporter -->
<testsuite hostname="Ayazs-MacBook-Air.local" failures="0" tests="1" name="testcases.TC_001_RegisterAccount" time="16.863" errors="0" timestamp="2023-04-26T00:48:55 IST" skipped="0">
  <testcase classname="testcases.TC_001_RegisterAccount" name="TC_001_RegisterAccount" time="16.863"/>
  <system-out/>
</testsuite> <!-- testcases.TC_001_RegisterAccount -->
