<?xml version="1.0" encoding="UTF-8"?>
<!-- Generated by org.testng.reporters.JUnitReportReporter -->
<testsuite hostname="Ayazs-MacBook-Air.local" failures="0" tests="1" name="testcases.TC_003_ProductSearch" time="25.891" errors="0" timestamp="2023-04-26T00:48:55 IST" skipped="0">
  <testcase classname="testcases.TC_003_ProductSearch" name="TC_003_ProductSearch" time="25.891"/>
  <system-out/>
</testsuite> <!-- testcases.TC_003_ProductSearch -->
