<?xml version="1.0" encoding="UTF-8"?>
<!-- Generated by org.testng.reporters.JUnitReportReporter -->
<testsuite hostname="Ayazs-MacBook-Air.local" failures="0" tests="1" name="testcases.BreakFix" time="102.742" errors="0" timestamp="2022-12-01T22:01:51 IST" skipped="0">
  <testcase classname="testcases.BreakFix" name="mouserHover" time="102.742"/>
  <system-out/>
</testsuite> <!-- testcases.BreakFix -->
