<?xml version="1.0" encoding="UTF-8"?>
<!-- Generated by org.testng.reporters.JUnitReportReporter -->
<testsuite hostname="Ayazs-MacBook-Air.local" failures="0" tests="1" name="testcases.TC_002_ViewBestSellingProducts" time="14.539" errors="0" timestamp="2023-04-26T00:48:55 IST" skipped="0">
  <testcase classname="testcases.TC_002_ViewBestSellingProducts" name="TC_002_ViewBestSellingProducts" time="14.539"/>
  <system-out/>
</testsuite> <!-- testcases.TC_002_ViewBestSellingProducts -->
